<?xml version="1.0" encoding="UTF-8"?>
<!-- Generated by org.testng.reporters.JUnitReportReporter -->
<testsuite hostname="DESKTOP-A9MNQS6" failures="0" tests="1" name="tests.LoginTest" time="4.848" errors="0" timestamp="2025-05-02T17:23:56 IST" skipped="0">
  <testcase classname="tests.LoginTest" name="testValidLogin" time="4.848"/>
</testsuite> <!-- tests.LoginTest -->
