<?xml version="1.0" encoding="UTF-8"?>
<!-- Generated by org.testng.reporters.JUnitReportReporter -->
<testsuite hostname="DESKTOP-A9MNQS6" failures="0" tests="2" name="tests.LoginTest" time="10.824" errors="0" timestamp="2025-05-02T15:22:16 IST" skipped="0">
  <testcase classname="tests.LoginTest" name="testValidLogin" time="3.632"/>
  <testcase classname="tests.LoginTest" name="testFreeSubscription" time="7.192"/>
</testsuite> <!-- tests.LoginTest -->
